<?xml version="1.0" encoding="UTF-8"?>
<!-- Generated by org.testng.reporters.JUnitXMLReporter -->
<testsuite ignored="0" hostname="DESKTOP-J5146E8" failures="0" tests="6" name="Functional Test" time="685.917" errors="0" timestamp="2025-03-10T17:58:45 IST">
  <testcase classname="AndoidAutomation.Liquide.Login" name="loginTest_InvalidOTP" time="39.803"/>
  <testcase classname="AndoidAutomation.Liquide.Login" name="loginTest_ValidOTP" time="24.818"/>
  <testcase classname="AndoidAutomation.Liquide.AskLimo" name="askLimo" time="145.749"/>
  <testcase classname="AndoidAutomation.Liquide.SetAlert" name="SetStockAlert" time="128.754"/>
  <testcase classname="AndoidAutomation.Liquide.EditProfile" name="editEmail" time="147.843"/>
  <testcase classname="AndoidAutomation.Liquide.AddCoins" name="addCoins" time="141.633"/>
</testsuite> <!-- Functional Test -->
