<?xml version="1.0" encoding="UTF-8"?>
<testng-results ignored="0" total="2" passed="2" failed="0" skipped="0">
  <reporter-output>
  </reporter-output>
  <suite started-at="2025-03-02T01:42:30 IST" name="Default suite" finished-at="2025-03-02T01:43:47 IST" duration-ms="76496">
    <groups>
    </groups>
    <test started-at="2025-03-02T01:42:30 IST" name="Default test" finished-at="2025-03-02T01:43:47 IST" duration-ms="76496">
      <class name="AndoidAutomation.Liquide.Login">
        <test-method is-config="true" signature="ConfigureAppium()[pri:0, instance:AndoidAutomation.Liquide.Login@77f1baf5]" started-at="2025-03-02T01:42:30 IST" name="ConfigureAppium" finished-at="2025-03-02T01:42:54 IST" duration-ms="23137" status="PASS">
          <reporter-output>
          </reporter-output>
        </test-method> <!-- ConfigureAppium -->
        <test-method signature="LoginTest_Invalid()[pri:0, instance:AndoidAutomation.Liquide.Login@77f1baf5]" started-at="2025-03-02T01:42:54 IST" name="LoginTest_Invalid" finished-at="2025-03-02T01:43:30 IST" duration-ms="36880" status="PASS">
          <reporter-output>
          </reporter-output>
        </test-method> <!-- LoginTest_Invalid -->
        <test-method signature="LoginTest_Valid()[pri:0, instance:AndoidAutomation.Liquide.Login@77f1baf5]" started-at="2025-03-02T01:43:31 IST" name="LoginTest_Valid" finished-at="2025-03-02T01:43:47 IST" duration-ms="16366" status="PASS">
          <reporter-output>
          </reporter-output>
        </test-method> <!-- LoginTest_Valid -->
        <test-method is-config="true" signature="TearDown()[pri:0, instance:AndoidAutomation.Liquide.Login@77f1baf5]" started-at="2025-03-02T01:43:47 IST" name="TearDown" finished-at="2025-03-02T01:43:47 IST" duration-ms="2" status="PASS">
          <reporter-output>
          </reporter-output>
        </test-method> <!-- TearDown -->
      </class> <!-- AndoidAutomation.Liquide.Login -->
    </test> <!-- Default test -->
  </suite> <!-- Default suite -->
</testng-results>
